SUCCESS - ***: Inverno.jpg - 105542 byte
SUCCESS - ***: Montanhas azuis.jpg - 28521 byte
SUCCESS - ***: Ninféias.jpg - 83794 byte
SUCCESS - ***: Pôr-do-sol.jpg - 71189 byte
SUCCESS - ***: Inverno.jpg - 105542 byte
SUCCESS - ***: Montanhas azuis.jpg - 28521 byte
SUCCESS - ***: Ninféias.jpg - 83794 byte
SUCCESS - ***: Pôr-do-sol.jpg - 71189 byte
SUCCESS - ***: Inverno.jpg - 105542 byte
SUCCESS - ***: Montanhas azuis.jpg - 28521 byte
SUCCESS - ***: Ninféias.jpg - 83794 byte
SUCCESS - ***: Pôr-do-sol.jpg - 71189 byte
SUCCESS - ***: Inverno.jpg - 105542 byte
SUCCESS - ***: Montanhas azuis.jpg - 28521 byte
SUCCESS - ***: Ninféias.jpg - 83794 byte
SUCCESS - ***: Pôr-do-sol.jpg - 71189 byte
SUCCESS - ***: Inverno.jpg - 105542 byte
SUCCESS - ***: Montanhas azuis.jpg - 28521 byte
SUCCESS - ***: Ninféias.jpg - 83794 byte
SUCCESS - ***: Pôr-do-sol.jpg - 71189 byte
SUCCESS - ***: 881.jpg - 63323 byte
SUCCESS - ***: 5655bb037d77f4df84002403d8dddf8825250.jpg - 9137 byte
SUCCESS - ***: 881.jpg - 63323 byte
SUCCESS - ***: ATYAAAB4YNJCaAg8U15coHwLfXbzK8Gb94H-9ENvlZDUKrAC4F6No6FPMW2CJAOOxcNr9mBo2NO_pnTqZ2MS8dYwoTvXAJtU9VDS9wBUu4u7EO-rScHKemEI4DgZ-g.jpg - 68262 byte
SUCCESS - ***: 3188.jpg - 47801 byte
SUCCESS - ***: 881.jpg - 63323 byte
SUCCESS - ***: ATYAAAB4YNJCaAg8U15coHwLfXbzK8Gb94H-9ENvlZDUKrAC4F6No6FPMW2CJAOOxcNr9mBo2NO_pnTqZ2MS8dYwoTvXAJtU9VDS9wBUu4u7EO-rScHKemEI4DgZ-g.jpg - 68262 byte
SUCCESS - ***: 881.jpg - 63323 byte
SUCCESS - ***: 5655bb037d77f4df84002403d8dddf8825250.jpg - 9137 byte
SUCCESS - ***: 881.jpg - 63323 byte
SUCCESS - ***: 881.jpg - 63323 byte
SUCCESS - ***: Inverno.jpg - 105542 byte
SUCCESS - ***: Montanhas azuis.jpg - 28521 byte
SUCCESS - ***: Pôr-do-sol.jpg - 71189 byte
SUCCESS - ***: Pôr-do-sol.jpg - 71189 byte
SUCCESS - ***: Montanhas azuis.jpg - 28521 byte
SUCCESS - ***: Pôr-do-sol.jpg - 71189 byte
SUCCESS - ***: Pôr-do-sol.jpg - 71189 byte
SUCCESS - ***: Montanhas azuis.jpg - 28521 byte
SUCCESS - ***: DSC00261.JPG - 1673641 byte
FAILED - ***: DSC00251.JPG - 2708050 byte
FAILED - ***: DSC00266.JPG - 2579553 byte
SUCCESS - ***: eu menor.jpg - 661023 byte
SUCCESS - ***: eu menor.jpg - 661023 byte
FAILED - ***: DSC00257.JPG - 2720889 byte
